<?xml version="1.0" encoding="UTF-8"?>
<!-- Generated by org.testng.reporters.JUnitXMLReporter -->
<testsuite ignored="0" hostname="Ravi-Ranjan-PC" failures="0" tests="3" name="Test" time="69.485" errors="0" timestamp="2025-02-13T04:22:28 IST">
  <testcase classname="testCases.LoginTest" name="login" time="9.324"/>
  <testcase classname="testCases.RegistrationTest" name="Registration" time="15.586"/>
  <testcase classname="testCases.UploadCSVTest" name="uploadCsv" time="22.078"/>
</testsuite> <!-- Test -->
